<?xml version="1.0" encoding="UTF-8"?>
<!-- Generated by org.testng.reporters.JUnitReportReporter -->
<testsuite skipped="0" hostname="DESKTOP-SSO7BER" name="com.training.sanity.tests.RETC_011" tests="1" failures="0" timestamp="25 Jun 2019 12:14:18 GMT" time="24.131" errors="0">
  <testcase name="validLoginTest" time="24.131" classname="com.training.sanity.tests.RETC_011"/>
</testsuite> <!-- com.training.sanity.tests.RETC_011 -->
