<?xml version="1.0" encoding="UTF-8"?>
<!-- Generated by org.testng.reporters.JUnitReportReporter -->
<testsuite skipped="0" hostname="DESKTOP-SSO7BER" name="com.training.regression.tests.RETC_071_complex" tests="3" failures="0" timestamp="05 Aug 2019 12:53:03 GMT" time="39.733" errors="0">
  <testcase name="loginDBTest" time="13.015" classname="com.training.regression.tests.RETC_071_complex"/>
  <testcase name="loginDBTest" time="13.193" classname="com.training.regression.tests.RETC_071_complex"/>
  <testcase name="loginDBTest" time="13.525" classname="com.training.regression.tests.RETC_071_complex"/>
</testsuite> <!-- com.training.regression.tests.RETC_071_complex -->
