<?xml version="1.0" encoding="UTF-8"?>
<!-- Generated by org.testng.reporters.JUnitReportReporter -->
<testsuite skipped="0" hostname="DESKTOP-SSO7BER" name="com.training.sanity.tests.RETC_010" tests="1" failures="0" timestamp="05 Aug 2019 12:40:18 GMT" time="13.544" errors="0">
  <testcase name="validLoginTest" time="13.544" classname="com.training.sanity.tests.RETC_010"/>
</testsuite> <!-- com.training.sanity.tests.RETC_010 -->
