<?xml version="1.0" encoding="UTF-8"?>
<!-- Generated by org.testng.reporters.JUnitReportReporter -->
<testsuite skipped="0" hostname="DESKTOP-SSO7BER" name="com.training.regression.tests.LoginExcelTest" tests="2" failures="0" timestamp="05 Aug 2019 09:43:25 GMT" time="46.813" errors="0">
  <testcase name="loginDBTest" time="33.291" classname="com.training.regression.tests.LoginExcelTest"/>
  <testcase name="loginDBTest" time="13.522" classname="com.training.regression.tests.LoginExcelTest"/>
</testsuite> <!-- com.training.regression.tests.LoginExcelTest -->
