<?xml version="1.0" encoding="UTF-8"?>
<!-- Generated by org.testng.reporters.JUnitReportReporter -->
<testsuite skipped="0" hostname="DESKTOP-SSO7BER" name="com.training.sanity.tests.RETC_45" tests="1" failures="0" timestamp="16 Jul 2019 14:15:33 GMT" time="57.770" errors="0">
  <testcase name="validLoginTest" time="57.770" classname="com.training.sanity.tests.RETC_45"/>
</testsuite> <!-- com.training.sanity.tests.RETC_45 -->
