<?xml version="1.0" encoding="UTF-8"?>
<!-- Generated by org.testng.reporters.JUnitReportReporter -->
<testsuite skipped="0" hostname="DESKTOP-SSO7BER" name="com.training.sanity.tests.RETC_044" tests="1" failures="0" timestamp="16 Jul 2019 14:04:40 GMT" time="53.204" errors="0">
  <testcase name="validLoginTest" time="53.204" classname="com.training.sanity.tests.RETC_044"/>
</testsuite> <!-- com.training.sanity.tests.RETC_044 -->
